Build started 12/12/2014 2:51:00 AM.
     1>Project "C:\Users\Joshs\Desktop\Life\Educational\CSE 167\mittest\mittest\mittest.vcxproj" on node 2 (Build target(s)).
     1>ClCompile:
         C:\Program Files (x86)\Microsoft Visual Studio 11.0\VC\bin\CL.exe /c /I"C:\glut\glut-3.7.6-bin" /ZI /nologo /W3 /WX- /Od /Oy- /D _MBCS /Gm /EHsc /RTC1 /MDd /GS /fp:precise /Zc:wchar_t /Zc:forScope /Fo"Debug\\" /Fd"Debug\vc110.pdb" /Gd /TP /analyze- /errorReport:prompt Source.cpp
         Source.cpp
     1>c:\program files (x86)\microsoft visual studio 11.0\vc\include\stdlib.h(360): error C2381: 'exit' : redefinition; __declspec(noreturn) differs
                 c:\glut\glut-3.7.6-bin\gl\glut.h(146) : see declaration of 'exit'
     1>c:\users\joshs\desktop\life\educational\cse 167\mittest\mittest\source.cpp(279): error C3861: 'exit': identifier not found
     1>Done Building Project "C:\Users\Joshs\Desktop\Life\Educational\CSE 167\mittest\mittest\mittest.vcxproj" (Build target(s)) -- FAILED.

Build FAILED.

Time Elapsed 00:00:00.37
